<?xml version="1.0" encoding="UTF-8"?>
<testsuite xmlns:xsi="http://www.w3.org/2001/XMLSchema-instance" xsi:noNamespaceSchemaLocation="https://maven.apache.org/surefire/maven-surefire-plugin/xsd/surefire-test-report-3.0.xsd" version="3.0" name="org.example.service.SpreadsheetServiceTest" time="0.018" tests="13" errors="0" skipped="0" failures="0">
  <properties>
    <property name="sun.desktop" value="windows"/>
    <property name="awt.toolkit" value="sun.awt.windows.WToolkit"/>
    <property name="file.encoding.pkg" value="sun.io"/>
    <property name="jdk.extensions.version" value="17.0.9.0"/>
    <property name="java.specification.version" value="17"/>
    <property name="sun.jnu.encoding" value="Cp1252"/>
    <property name="java.class.path" value="C:\dev\SpreadSheetsServer\target\test-classes;C:\dev\SpreadSheetsServer\target\classes;C:\Users\amit.elyasi\.m2\repository\org\springframework\boot\spring-boot-starter-web\3.1.0\spring-boot-starter-web-3.1.0.jar;C:\Users\amit.elyasi\.m2\repository\org\springframework\boot\spring-boot-starter\3.1.0\spring-boot-starter-3.1.0.jar;C:\Users\amit.elyasi\.m2\repository\org\springframework\boot\spring-boot\3.1.0\spring-boot-3.1.0.jar;C:\Users\amit.elyasi\.m2\repository\org\springframework\boot\spring-boot-autoconfigure\3.1.0\spring-boot-autoconfigure-3.1.0.jar;C:\Users\amit.elyasi\.m2\repository\org\springframework\boot\spring-boot-starter-logging\3.1.0\spring-boot-starter-logging-3.1.0.jar;C:\Users\amit.elyasi\.m2\repository\ch\qos\logback\logback-classic\1.4.7\logback-classic-1.4.7.jar;C:\Users\amit.elyasi\.m2\repository\ch\qos\logback\logback-core\1.4.7\logback-core-1.4.7.jar;C:\Users\amit.elyasi\.m2\repository\org\apache\logging\log4j\log4j-to-slf4j\2.20.0\log4j-to-slf4j-2.20.0.jar;C:\Users\amit.elyasi\.m2\repository\org\slf4j\jul-to-slf4j\2.0.7\jul-to-slf4j-2.0.7.jar;C:\Users\amit.elyasi\.m2\repository\jakarta\annotation\jakarta.annotation-api\2.1.1\jakarta.annotation-api-2.1.1.jar;C:\Users\amit.elyasi\.m2\repository\org\yaml\snakeyaml\1.33\snakeyaml-1.33.jar;C:\Users\amit.elyasi\.m2\repository\org\springframework\boot\spring-boot-starter-json\3.1.0\spring-boot-starter-json-3.1.0.jar;C:\Users\amit.elyasi\.m2\repository\com\fasterxml\jackson\datatype\jackson-datatype-jdk8\2.15.0\jackson-datatype-jdk8-2.15.0.jar;C:\Users\amit.elyasi\.m2\repository\com\fasterxml\jackson\datatype\jackson-datatype-jsr310\2.15.0\jackson-datatype-jsr310-2.15.0.jar;C:\Users\amit.elyasi\.m2\repository\com\fasterxml\jackson\module\jackson-module-parameter-names\2.15.0\jackson-module-parameter-names-2.15.0.jar;C:\Users\amit.elyasi\.m2\repository\org\springframework\boot\spring-boot-starter-tomcat\3.1.0\spring-boot-starter-tomcat-3.1.0.jar;C:\Users\amit.elyasi\.m2\repository\org\apache\tomcat\embed\tomcat-embed-core\10.1.8\tomcat-embed-core-10.1.8.jar;C:\Users\amit.elyasi\.m2\repository\org\apache\tomcat\embed\tomcat-embed-el\10.1.8\tomcat-embed-el-10.1.8.jar;C:\Users\amit.elyasi\.m2\repository\org\apache\tomcat\embed\tomcat-embed-websocket\10.1.8\tomcat-embed-websocket-10.1.8.jar;C:\Users\amit.elyasi\.m2\repository\org\springframework\spring-web\6.0.9\spring-web-6.0.9.jar;C:\Users\amit.elyasi\.m2\repository\org\springframework\spring-beans\6.0.9\spring-beans-6.0.9.jar;C:\Users\amit.elyasi\.m2\repository\io\micrometer\micrometer-observation\1.11.0\micrometer-observation-1.11.0.jar;C:\Users\amit.elyasi\.m2\repository\io\micrometer\micrometer-commons\1.11.0\micrometer-commons-1.11.0.jar;C:\Users\amit.elyasi\.m2\repository\org\springframework\spring-webmvc\6.0.9\spring-webmvc-6.0.9.jar;C:\Users\amit.elyasi\.m2\repository\org\springframework\spring-aop\6.0.9\spring-aop-6.0.9.jar;C:\Users\amit.elyasi\.m2\repository\org\springframework\spring-context\6.0.9\spring-context-6.0.9.jar;C:\Users\amit.elyasi\.m2\repository\org\springframework\spring-expression\6.0.9\spring-expression-6.0.9.jar;C:\Users\amit.elyasi\.m2\repository\org\springframework\boot\spring-boot-starter-test\3.1.0\spring-boot-starter-test-3.1.0.jar;C:\Users\amit.elyasi\.m2\repository\org\springframework\boot\spring-boot-test\3.1.0\spring-boot-test-3.1.0.jar;C:\Users\amit.elyasi\.m2\repository\org\springframework\boot\spring-boot-test-autoconfigure\3.1.0\spring-boot-test-autoconfigure-3.1.0.jar;C:\Users\amit.elyasi\.m2\repository\com\jayway\jsonpath\json-path\2.8.0\json-path-2.8.0.jar;C:\Users\amit.elyasi\.m2\repository\jakarta\xml\bind\jakarta.xml.bind-api\4.0.0\jakarta.xml.bind-api-4.0.0.jar;C:\Users\amit.elyasi\.m2\repository\jakarta\activation\jakarta.activation-api\2.1.2\jakarta.activation-api-2.1.2.jar;C:\Users\amit.elyasi\.m2\repository\net\minidev\json-smart\2.4.10\json-smart-2.4.10.jar;C:\Users\amit.elyasi\.m2\repository\net\minidev\accessors-smart\2.4.9\accessors-smart-2.4.9.jar;C:\Users\amit.elyasi\.m2\repository\org\ow2\asm\asm\9.3\asm-9.3.jar;C:\Users\amit.elyasi\.m2\repository\org\assertj\assertj-core\3.24.2\assertj-core-3.24.2.jar;C:\Users\amit.elyasi\.m2\repository\net\bytebuddy\byte-buddy\1.14.4\byte-buddy-1.14.4.jar;C:\Users\amit.elyasi\.m2\repository\org\hamcrest\hamcrest\2.2\hamcrest-2.2.jar;C:\Users\amit.elyasi\.m2\repository\org\junit\jupiter\junit-jupiter\5.9.3\junit-jupiter-5.9.3.jar;C:\Users\amit.elyasi\.m2\repository\org\junit\jupiter\junit-jupiter-api\5.9.3\junit-jupiter-api-5.9.3.jar;C:\Users\amit.elyasi\.m2\repository\org\opentest4j\opentest4j\1.2.0\opentest4j-1.2.0.jar;C:\Users\amit.elyasi\.m2\repository\org\junit\platform\junit-platform-commons\1.9.3\junit-platform-commons-1.9.3.jar;C:\Users\amit.elyasi\.m2\repository\org\apiguardian\apiguardian-api\1.1.2\apiguardian-api-1.1.2.jar;C:\Users\amit.elyasi\.m2\repository\org\junit\jupiter\junit-jupiter-params\5.9.3\junit-jupiter-params-5.9.3.jar;C:\Users\amit.elyasi\.m2\repository\org\junit\jupiter\junit-jupiter-engine\5.9.3\junit-jupiter-engine-5.9.3.jar;C:\Users\amit.elyasi\.m2\repository\org\junit\platform\junit-platform-engine\1.9.3\junit-platform-engine-1.9.3.jar;C:\Users\amit.elyasi\.m2\repository\org\mockito\mockito-core\5.3.1\mockito-core-5.3.1.jar;C:\Users\amit.elyasi\.m2\repository\net\bytebuddy\byte-buddy-agent\1.14.4\byte-buddy-agent-1.14.4.jar;C:\Users\amit.elyasi\.m2\repository\org\objenesis\objenesis\3.3\objenesis-3.3.jar;C:\Users\amit.elyasi\.m2\repository\org\mockito\mockito-junit-jupiter\5.3.1\mockito-junit-jupiter-5.3.1.jar;C:\Users\amit.elyasi\.m2\repository\org\skyscreamer\jsonassert\1.5.1\jsonassert-1.5.1.jar;C:\Users\amit.elyasi\.m2\repository\com\vaadin\external\google\android-json\0.0.20131108.vaadin1\android-json-0.0.20131108.vaadin1.jar;C:\Users\amit.elyasi\.m2\repository\org\springframework\spring-core\6.0.9\spring-core-6.0.9.jar;C:\Users\amit.elyasi\.m2\repository\org\springframework\spring-jcl\6.0.9\spring-jcl-6.0.9.jar;C:\Users\amit.elyasi\.m2\repository\org\springframework\spring-test\6.0.9\spring-test-6.0.9.jar;C:\Users\amit.elyasi\.m2\repository\org\xmlunit\xmlunit-core\2.9.1\xmlunit-core-2.9.1.jar;C:\Users\amit.elyasi\.m2\repository\com\fasterxml\jackson\core\jackson-databind\2.15.0\jackson-databind-2.15.0.jar;C:\Users\amit.elyasi\.m2\repository\com\fasterxml\jackson\core\jackson-annotations\2.15.0\jackson-annotations-2.15.0.jar;C:\Users\amit.elyasi\.m2\repository\com\fasterxml\jackson\core\jackson-core\2.15.0\jackson-core-2.15.0.jar;C:\Users\amit.elyasi\.m2\repository\org\apache\logging\log4j\log4j-api\2.20.0\log4j-api-2.20.0.jar;C:\Users\amit.elyasi\.m2\repository\org\apache\logging\log4j\log4j-core\2.20.0\log4j-core-2.20.0.jar;C:\Users\amit.elyasi\.m2\repository\org\apache\logging\log4j\log4j-slf4j-impl\2.20.0\log4j-slf4j-impl-2.20.0.jar;C:\Users\amit.elyasi\.m2\repository\org\slf4j\slf4j-api\2.0.7\slf4j-api-2.0.7.jar;C:\Users\amit.elyasi\.m2\repository\org\projectlombok\lombok\1.18.28\lombok-1.18.28.jar;"/>
    <property name="java.vm.vendor" value="Eclipse OpenJ9"/>
    <property name="sun.arch.data.model" value="64"/>
    <property name="com.ibm.vm.bitmode" value="64"/>
    <property name="user.variant" value=""/>
    <property name="com.ibm.oti.vm.library.version" value="29"/>
    <property name="java.vendor.url" value="https://www.ibm.com/semeru-runtimes"/>
    <property name="catalina.useNaming" value="false"/>
    <property name="user.timezone" value="Asia/Jerusalem"/>
    <property name="os.name" value="Windows 11"/>
    <property name="java.vm.specification.version" value="17"/>
    <property name="user.country" value="US"/>
    <property name="sun.java.launcher" value="SUN_STANDARD"/>
    <property name="sun.boot.library.path" value="C:\Users\amit.elyasi\.jdks\semeru-17.0.9\bin\default;C:\Users\amit.elyasi\.jdks\semeru-17.0.9\bin"/>
    <property name="sun.java.command" value="C:\Users\amit.elyasi\AppData\Local\Temp\surefire3076114599852938340\surefirebooter-20250726200944498_3.jar C:\Users\amit.elyasi\AppData\Local\Temp\surefire3076114599852938340 2025-07-26T20-09-44_395-jvmRun1 surefire-20250726200944498_1tmp surefire_0-20250726200944498_2tmp"/>
    <property name="surefire.test.class.path" value="C:\dev\SpreadSheetsServer\target\test-classes;C:\dev\SpreadSheetsServer\target\classes;C:\Users\amit.elyasi\.m2\repository\org\springframework\boot\spring-boot-starter-web\3.1.0\spring-boot-starter-web-3.1.0.jar;C:\Users\amit.elyasi\.m2\repository\org\springframework\boot\spring-boot-starter\3.1.0\spring-boot-starter-3.1.0.jar;C:\Users\amit.elyasi\.m2\repository\org\springframework\boot\spring-boot\3.1.0\spring-boot-3.1.0.jar;C:\Users\amit.elyasi\.m2\repository\org\springframework\boot\spring-boot-autoconfigure\3.1.0\spring-boot-autoconfigure-3.1.0.jar;C:\Users\amit.elyasi\.m2\repository\org\springframework\boot\spring-boot-starter-logging\3.1.0\spring-boot-starter-logging-3.1.0.jar;C:\Users\amit.elyasi\.m2\repository\ch\qos\logback\logback-classic\1.4.7\logback-classic-1.4.7.jar;C:\Users\amit.elyasi\.m2\repository\ch\qos\logback\logback-core\1.4.7\logback-core-1.4.7.jar;C:\Users\amit.elyasi\.m2\repository\org\apache\logging\log4j\log4j-to-slf4j\2.20.0\log4j-to-slf4j-2.20.0.jar;C:\Users\amit.elyasi\.m2\repository\org\slf4j\jul-to-slf4j\2.0.7\jul-to-slf4j-2.0.7.jar;C:\Users\amit.elyasi\.m2\repository\jakarta\annotation\jakarta.annotation-api\2.1.1\jakarta.annotation-api-2.1.1.jar;C:\Users\amit.elyasi\.m2\repository\org\yaml\snakeyaml\1.33\snakeyaml-1.33.jar;C:\Users\amit.elyasi\.m2\repository\org\springframework\boot\spring-boot-starter-json\3.1.0\spring-boot-starter-json-3.1.0.jar;C:\Users\amit.elyasi\.m2\repository\com\fasterxml\jackson\datatype\jackson-datatype-jdk8\2.15.0\jackson-datatype-jdk8-2.15.0.jar;C:\Users\amit.elyasi\.m2\repository\com\fasterxml\jackson\datatype\jackson-datatype-jsr310\2.15.0\jackson-datatype-jsr310-2.15.0.jar;C:\Users\amit.elyasi\.m2\repository\com\fasterxml\jackson\module\jackson-module-parameter-names\2.15.0\jackson-module-parameter-names-2.15.0.jar;C:\Users\amit.elyasi\.m2\repository\org\springframework\boot\spring-boot-starter-tomcat\3.1.0\spring-boot-starter-tomcat-3.1.0.jar;C:\Users\amit.elyasi\.m2\repository\org\apache\tomcat\embed\tomcat-embed-core\10.1.8\tomcat-embed-core-10.1.8.jar;C:\Users\amit.elyasi\.m2\repository\org\apache\tomcat\embed\tomcat-embed-el\10.1.8\tomcat-embed-el-10.1.8.jar;C:\Users\amit.elyasi\.m2\repository\org\apache\tomcat\embed\tomcat-embed-websocket\10.1.8\tomcat-embed-websocket-10.1.8.jar;C:\Users\amit.elyasi\.m2\repository\org\springframework\spring-web\6.0.9\spring-web-6.0.9.jar;C:\Users\amit.elyasi\.m2\repository\org\springframework\spring-beans\6.0.9\spring-beans-6.0.9.jar;C:\Users\amit.elyasi\.m2\repository\io\micrometer\micrometer-observation\1.11.0\micrometer-observation-1.11.0.jar;C:\Users\amit.elyasi\.m2\repository\io\micrometer\micrometer-commons\1.11.0\micrometer-commons-1.11.0.jar;C:\Users\amit.elyasi\.m2\repository\org\springframework\spring-webmvc\6.0.9\spring-webmvc-6.0.9.jar;C:\Users\amit.elyasi\.m2\repository\org\springframework\spring-aop\6.0.9\spring-aop-6.0.9.jar;C:\Users\amit.elyasi\.m2\repository\org\springframework\spring-context\6.0.9\spring-context-6.0.9.jar;C:\Users\amit.elyasi\.m2\repository\org\springframework\spring-expression\6.0.9\spring-expression-6.0.9.jar;C:\Users\amit.elyasi\.m2\repository\org\springframework\boot\spring-boot-starter-test\3.1.0\spring-boot-starter-test-3.1.0.jar;C:\Users\amit.elyasi\.m2\repository\org\springframework\boot\spring-boot-test\3.1.0\spring-boot-test-3.1.0.jar;C:\Users\amit.elyasi\.m2\repository\org\springframework\boot\spring-boot-test-autoconfigure\3.1.0\spring-boot-test-autoconfigure-3.1.0.jar;C:\Users\amit.elyasi\.m2\repository\com\jayway\jsonpath\json-path\2.8.0\json-path-2.8.0.jar;C:\Users\amit.elyasi\.m2\repository\jakarta\xml\bind\jakarta.xml.bind-api\4.0.0\jakarta.xml.bind-api-4.0.0.jar;C:\Users\amit.elyasi\.m2\repository\jakarta\activation\jakarta.activation-api\2.1.2\jakarta.activation-api-2.1.2.jar;C:\Users\amit.elyasi\.m2\repository\net\minidev\json-smart\2.4.10\json-smart-2.4.10.jar;C:\Users\amit.elyasi\.m2\repository\net\minidev\accessors-smart\2.4.9\accessors-smart-2.4.9.jar;C:\Users\amit.elyasi\.m2\repository\org\ow2\asm\asm\9.3\asm-9.3.jar;C:\Users\amit.elyasi\.m2\repository\org\assertj\assertj-core\3.24.2\assertj-core-3.24.2.jar;C:\Users\amit.elyasi\.m2\repository\net\bytebuddy\byte-buddy\1.14.4\byte-buddy-1.14.4.jar;C:\Users\amit.elyasi\.m2\repository\org\hamcrest\hamcrest\2.2\hamcrest-2.2.jar;C:\Users\amit.elyasi\.m2\repository\org\junit\jupiter\junit-jupiter\5.9.3\junit-jupiter-5.9.3.jar;C:\Users\amit.elyasi\.m2\repository\org\junit\jupiter\junit-jupiter-api\5.9.3\junit-jupiter-api-5.9.3.jar;C:\Users\amit.elyasi\.m2\repository\org\opentest4j\opentest4j\1.2.0\opentest4j-1.2.0.jar;C:\Users\amit.elyasi\.m2\repository\org\junit\platform\junit-platform-commons\1.9.3\junit-platform-commons-1.9.3.jar;C:\Users\amit.elyasi\.m2\repository\org\apiguardian\apiguardian-api\1.1.2\apiguardian-api-1.1.2.jar;C:\Users\amit.elyasi\.m2\repository\org\junit\jupiter\junit-jupiter-params\5.9.3\junit-jupiter-params-5.9.3.jar;C:\Users\amit.elyasi\.m2\repository\org\junit\jupiter\junit-jupiter-engine\5.9.3\junit-jupiter-engine-5.9.3.jar;C:\Users\amit.elyasi\.m2\repository\org\junit\platform\junit-platform-engine\1.9.3\junit-platform-engine-1.9.3.jar;C:\Users\amit.elyasi\.m2\repository\org\mockito\mockito-core\5.3.1\mockito-core-5.3.1.jar;C:\Users\amit.elyasi\.m2\repository\net\bytebuddy\byte-buddy-agent\1.14.4\byte-buddy-agent-1.14.4.jar;C:\Users\amit.elyasi\.m2\repository\org\objenesis\objenesis\3.3\objenesis-3.3.jar;C:\Users\amit.elyasi\.m2\repository\org\mockito\mockito-junit-jupiter\5.3.1\mockito-junit-jupiter-5.3.1.jar;C:\Users\amit.elyasi\.m2\repository\org\skyscreamer\jsonassert\1.5.1\jsonassert-1.5.1.jar;C:\Users\amit.elyasi\.m2\repository\com\vaadin\external\google\android-json\0.0.20131108.vaadin1\android-json-0.0.20131108.vaadin1.jar;C:\Users\amit.elyasi\.m2\repository\org\springframework\spring-core\6.0.9\spring-core-6.0.9.jar;C:\Users\amit.elyasi\.m2\repository\org\springframework\spring-jcl\6.0.9\spring-jcl-6.0.9.jar;C:\Users\amit.elyasi\.m2\repository\org\springframework\spring-test\6.0.9\spring-test-6.0.9.jar;C:\Users\amit.elyasi\.m2\repository\org\xmlunit\xmlunit-core\2.9.1\xmlunit-core-2.9.1.jar;C:\Users\amit.elyasi\.m2\repository\com\fasterxml\jackson\core\jackson-databind\2.15.0\jackson-databind-2.15.0.jar;C:\Users\amit.elyasi\.m2\repository\com\fasterxml\jackson\core\jackson-annotations\2.15.0\jackson-annotations-2.15.0.jar;C:\Users\amit.elyasi\.m2\repository\com\fasterxml\jackson\core\jackson-core\2.15.0\jackson-core-2.15.0.jar;C:\Users\amit.elyasi\.m2\repository\org\apache\logging\log4j\log4j-api\2.20.0\log4j-api-2.20.0.jar;C:\Users\amit.elyasi\.m2\repository\org\apache\logging\log4j\log4j-core\2.20.0\log4j-core-2.20.0.jar;C:\Users\amit.elyasi\.m2\repository\org\apache\logging\log4j\log4j-slf4j-impl\2.20.0\log4j-slf4j-impl-2.20.0.jar;C:\Users\amit.elyasi\.m2\repository\org\slf4j\slf4j-api\2.0.7\slf4j-api-2.0.7.jar;C:\Users\amit.elyasi\.m2\repository\org\projectlombok\lombok\1.18.28\lombok-1.18.28.jar;"/>
    <property name="sun.cpu.endian" value="little"/>
    <property name="user.home" value="C:\Users\amit.elyasi"/>
    <property name="user.language" value="en"/>
    <property name="java.specification.vendor" value="Oracle Corporation"/>
    <property name="java.version.date" value="2023-10-17"/>
    <property name="java.home" value="C:\Users\amit.elyasi\.jdks\semeru-17.0.9"/>
    <property name="ibm.signalhandling.rs" value="false"/>
    <property name="openjdk.methodhandles" value="true"/>
    <property name="file.separator" value="\"/>
    <property name="jdk.extensions.name" value="Extensions for OpenJDK for Eclipse OpenJ9"/>
    <property name="basedir" value="C:\dev\SpreadSheetsServer"/>
    <property name="line.separator" value="&#10;"/>
    <property name="java.specification.name" value="Java Platform API Specification"/>
    <property name="java.vm.specification.vendor" value="Oracle Corporation"/>
    <property name="java.compiler" value="j9jit29"/>
    <property name="FILE_LOG_CHARSET" value="windows-1252"/>
    <property name="com.ibm.util.extralibs.properties" value=""/>
    <property name="java.awt.graphicsenv" value="sun.awt.Win32GraphicsEnvironment"/>
    <property name="java.awt.headless" value="true"/>
    <property name="com.ibm.oti.configuration" value="scar"/>
    <property name="java.awt.fonts" value=""/>
    <property name="surefire.real.class.path" value="C:\Users\amit.elyasi\AppData\Local\Temp\surefire3076114599852938340\surefirebooter-20250726200944498_3.jar"/>
    <property name="com.ibm.oti.shared.enabled" value="false"/>
    <property name="com.ibm.oti.vm.bootstrap.library.path" value="C:\Users\amit.elyasi\.jdks\semeru-17.0.9\bin\default;C:\Users\amit.elyasi\.jdks\semeru-17.0.9\bin"/>
    <property name="com.ibm.cpu.endian" value="little"/>
    <property name="java.fullversion" value="17.0.9+9&#10;JRE 17 Windows 11 amd64-64-Bit Compressed References 20231017_568 (JIT enabled, AOT enabled)&#10;OpenJ9   - 461bf3c70&#10;OMR      - 5eee6ad9d&#10;JCL      - 3699725139c based on jdk-17.0.9+9"/>
    <property name="java.runtime.version" value="17.0.9+9"/>
    <property name="user.name" value="amit.elyasi"/>
    <property name="path.separator" value=";"/>
    <property name="os.version" value="10.0"/>
    <property name="java.runtime.name" value="IBM Semeru Runtime Open Edition"/>
    <property name="ibm.signalhandling.sigint" value="true"/>
    <property name="file.encoding" value="Cp1252"/>
    <property name="java.vm.name" value="Eclipse OpenJ9 VM"/>
    <property name="java.vendor.version" value="17.0.9.0"/>
    <property name="ibm.signalhandling.sigchain" value="true"/>
    <property name="localRepository" value="C:\Users\amit.elyasi\.m2\repository"/>
    <property name="java.vendor.url.bug" value="https://github.com/ibmruntimes/Semeru-Runtimes/issues"/>
    <property name="java.io.tmpdir" value="C:\Users\AMIT~1.ELY\AppData\Local\Temp\"/>
    <property name="idea.version" value="2024.3.5"/>
    <property name="catalina.home" value="C:\Users\amit.elyasi\AppData\Local\Temp\tomcat.8080.13240764704463999936"/>
    <property name="java.version" value="17.0.9"/>
    <property name="com.ibm.system.agent.path" value="C:\Users\amit.elyasi\.jdks\semeru-17.0.9\bin"/>
    <property name="user.dir" value="C:\dev\SpreadSheetsServer"/>
    <property name="os.arch" value="amd64"/>
    <property name="java.vm.specification.name" value="Java Virtual Machine Specification"/>
    <property name="PID" value="31880"/>
    <property name="java.awt.printerjob" value="sun.awt.windows.WPrinterJob"/>
    <property name="os.encoding" value="UTF-8"/>
    <property name="CONSOLE_LOG_CHARSET" value="windows-1252"/>
    <property name="catalina.base" value="C:\Users\amit.elyasi\AppData\Local\Temp\tomcat.8080.13240764704463999936"/>
    <property name="native.encoding" value="Cp1252"/>
    <property name="java.library.path" value="C:\Users\amit.elyasi\.jdks\semeru-17.0.9\bin\default;C:\Users\amit.elyasi\.jdks\semeru-17.0.9\bin;C:\Windows\system32;C:\Windows;C:\Program Files\Python313\Scripts\;C:\Program Files\Python313\;C:\Windows\system32;C:\Windows;C:\Windows\System32\Wbem;C:\Windows\System32\WindowsPowerShell\v1.0\;C:\Windows\System32\OpenSSH\;C:\Program Files\dotnet\;C:\Users\amit.elyasi\AppData\Local\Programs\Python\Launcher\;C:\Users\amit.elyasi\AppData\Local\Microsoft\WindowsApps;C:\Users\amit.elyasi\AppData\Local\JetBrains\IntelliJ IDEA 2024.3.5\bin;;C:\Users\amit.elyasi\AppData\Local\Programs\Git\cmd;C:\Programs\apache-maven-3.9.9-bin\apache-maven-3.9.9\bin;C:\Programs\ibm-semeru-open-jdk_x64_windows_17.0.9_9_openj9-0.41.0\jdk-17.0.9+9\bin;C:\Users\amit.elyasi\AppData\Local\Microsoft\WinGet\Links;C:\dev\docker-repo\tools;C:\dev\docker-repo\tools\devtools;C:\Users\amit.elyasi\AppData\Local\Programs\Microsoft VS Code\bin;C:\Users\amit.elyasi\AppData\Local\Programs\Ollama;."/>
    <property name="java.vendor" value="IBM Corporation"/>
    <property name="java.vm.info" value="JRE 17 Windows 11 amd64-64-Bit Compressed References 20231017_568 (JIT enabled, AOT enabled)&#10;OpenJ9   - 461bf3c70&#10;OMR      - 5eee6ad9d&#10;JCL      - 3699725139c based on jdk-17.0.9+9"/>
    <property name="java.vm.version" value="openj9-0.41.0"/>
    <property name="com.ibm.jcl.checkClassPath" value=""/>
    <property name="ibm.system.encoding" value="Cp1252"/>
    <property name="java.lang.invoke.VarHandle.VAR_HANDLE_GUARDS" value="false"/>
    <property name="sun.io.unicode.encoding" value="UnicodeLittle"/>
    <property name="java.class.version" value="61.0"/>
  </properties>
  <testcase name="testNonExistentColumn" classname="org.example.service.SpreadsheetServiceTest" time="0.002">
    <system-out><![CDATA[2025-07-26T20:09:48.967+03:00  INFO 31880 --- [           main] org.example.service.SpreadsheetService   : Creating new sheet with auto-generated ID
2025-07-26T20:09:48.969+03:00  INFO 31880 --- [           main] org.example.service.SpreadsheetService   : Setting cell value in sheet: adae3615-974a-4f91-9f3b-053bac55e899, column: Z, row: 1
2025-07-26T20:09:48.969+03:00  WARN 31880 --- [           main] org.example.service.SpreadsheetService   : Column not found: Z in sheet: adae3615-974a-4f91-9f3b-053bac55e899
]]></system-out>
  </testcase>
  <testcase name="testSetCellValueTypeMismatch" classname="org.example.service.SpreadsheetServiceTest" time="0.001">
    <system-out><![CDATA[2025-07-26T20:09:48.970+03:00  INFO 31880 --- [           main] org.example.service.SpreadsheetService   : Creating new sheet with auto-generated ID
2025-07-26T20:09:48.970+03:00  INFO 31880 --- [           main] org.example.service.SpreadsheetService   : Setting cell value in sheet: 5743c319-17b8-4e5a-91a0-583818643f48, column: A, row: 1
2025-07-26T20:09:48.970+03:00  WARN 31880 --- [           main] org.example.service.SpreadsheetService   : Type validation failed: string value 'not an integer' cannot be parsed as int
]]></system-out>
  </testcase>
  <testcase name="testGetSheetById" classname="org.example.service.SpreadsheetServiceTest" time="0.001">
    <system-out><![CDATA[2025-07-26T20:09:48.971+03:00  INFO 31880 --- [           main] org.example.service.SpreadsheetService   : Creating new sheet with auto-generated ID
]]></system-out>
  </testcase>
  <testcase name="testSelfReferenceCycleDetection" classname="org.example.service.SpreadsheetServiceTest" time="0.001">
    <system-out><![CDATA[2025-07-26T20:09:48.972+03:00  INFO 31880 --- [           main] org.example.service.SpreadsheetService   : Creating new sheet with auto-generated ID
2025-07-26T20:09:48.972+03:00  INFO 31880 --- [           main] org.example.service.SpreadsheetService   : Setting cell value in sheet: 62ce759d-1d83-40eb-a3fb-a2c0a36ef85a, column: A, row: 1
2025-07-26T20:09:48.972+03:00  WARN 31880 --- [           main] org.example.service.SpreadsheetService   : Self-reference cycle detected in cell: A,1
]]></system-out>
  </testcase>
  <testcase name="testCreateSheet" classname="org.example.service.SpreadsheetServiceTest" time="0">
    <system-out><![CDATA[2025-07-26T20:09:48.973+03:00  INFO 31880 --- [           main] org.example.service.SpreadsheetService   : Creating new sheet with auto-generated ID
]]></system-out>
  </testcase>
  <testcase name="testLookupFunction" classname="org.example.service.SpreadsheetServiceTest" time="0.001">
    <system-out><![CDATA[2025-07-26T20:09:48.974+03:00  INFO 31880 --- [           main] org.example.service.SpreadsheetService   : Creating new sheet with auto-generated ID
2025-07-26T20:09:48.974+03:00  INFO 31880 --- [           main] org.example.service.SpreadsheetService   : Setting cell value in sheet: 955180dc-a665-49ff-a5dd-c3968c7e03a1, column: A, row: 1
2025-07-26T20:09:48.974+03:00  INFO 31880 --- [           main] org.example.service.SpreadsheetService   : Cell value set successfully
2025-07-26T20:09:48.974+03:00  INFO 31880 --- [           main] org.example.service.SpreadsheetService   : Setting cell value in sheet: 955180dc-a665-49ff-a5dd-c3968c7e03a1, column: B, row: 1
2025-07-26T20:09:48.974+03:00  INFO 31880 --- [           main] org.example.service.SpreadsheetService   : Cell value set successfully
2025-07-26T20:09:48.974+03:00  INFO 31880 --- [           main] org.example.service.SpreadsheetService   : Setting cell value in sheet: 955180dc-a665-49ff-a5dd-c3968c7e03a1, column: A, row: 1
2025-07-26T20:09:48.974+03:00  INFO 31880 --- [           main] org.example.service.SpreadsheetService   : Cell value set successfully
]]></system-out>
  </testcase>
  <testcase name="testSetCellValue" classname="org.example.service.SpreadsheetServiceTest" time="0.001">
    <system-out><![CDATA[2025-07-26T20:09:48.975+03:00  INFO 31880 --- [           main] org.example.service.SpreadsheetService   : Creating new sheet with auto-generated ID
2025-07-26T20:09:48.975+03:00  INFO 31880 --- [           main] org.example.service.SpreadsheetService   : Setting cell value in sheet: d1a2148b-927c-497d-ab80-136d34da8454, column: A, row: 1
2025-07-26T20:09:48.975+03:00  INFO 31880 --- [           main] org.example.service.SpreadsheetService   : Cell value set successfully
2025-07-26T20:09:48.975+03:00  INFO 31880 --- [           main] org.example.service.SpreadsheetService   : Setting cell value in sheet: d1a2148b-927c-497d-ab80-136d34da8454, column: B, row: 1
2025-07-26T20:09:48.975+03:00  INFO 31880 --- [           main] org.example.service.SpreadsheetService   : Cell value set successfully
2025-07-26T20:09:48.975+03:00  INFO 31880 --- [           main] org.example.service.SpreadsheetService   : Setting cell value in sheet: d1a2148b-927c-497d-ab80-136d34da8454, column: C, row: 1
2025-07-26T20:09:48.975+03:00  INFO 31880 --- [           main] org.example.service.SpreadsheetService   : Cell value set successfully
]]></system-out>
  </testcase>
  <testcase name="testCycleDetection" classname="org.example.service.SpreadsheetServiceTest" time="0.001">
    <system-out><![CDATA[2025-07-26T20:09:48.976+03:00  INFO 31880 --- [           main] org.example.service.SpreadsheetService   : Creating new sheet with auto-generated ID
2025-07-26T20:09:48.976+03:00  INFO 31880 --- [           main] org.example.service.SpreadsheetService   : Setting cell value in sheet: 1d308e75-a962-4268-9a91-4876a08f2665, column: C, row: 1
2025-07-26T20:09:48.976+03:00  INFO 31880 --- [           main] org.example.service.SpreadsheetService   : Cell value set successfully
2025-07-26T20:09:48.976+03:00  INFO 31880 --- [           main] org.example.service.SpreadsheetService   : Setting cell value in sheet: 1d308e75-a962-4268-9a91-4876a08f2665, column: A, row: 1
2025-07-26T20:09:48.976+03:00  INFO 31880 --- [           main] org.example.service.SpreadsheetService   : Cell value set successfully
2025-07-26T20:09:48.976+03:00  INFO 31880 --- [           main] org.example.service.SpreadsheetService   : Setting cell value in sheet: 1d308e75-a962-4268-9a91-4876a08f2665, column: B, row: 1
2025-07-26T20:09:48.977+03:00  WARN 31880 --- [           main] org.example.service.SpreadsheetService   : Cycle detected in reference path
]]></system-out>
  </testcase>
  <testcase name="testNonExistentSheet" classname="org.example.service.SpreadsheetServiceTest" time="0.001">
    <system-out><![CDATA[2025-07-26T20:09:48.977+03:00  INFO 31880 --- [           main] org.example.service.SpreadsheetService   : Setting cell value in sheet: non-existent-id, column: A, row: 1
2025-07-26T20:09:48.978+03:00  WARN 31880 --- [           main] org.example.service.SpreadsheetService   : Sheet not found with ID: non-existent-id
]]></system-out>
  </testcase>
  <testcase name="testConvertSheetToCsv" classname="org.example.service.SpreadsheetServiceTest" time="0.001">
    <system-out><![CDATA[2025-07-26T20:09:48.978+03:00  INFO 31880 --- [           main] org.example.service.SpreadsheetService   : Creating new sheet with auto-generated ID
2025-07-26T20:09:48.978+03:00  INFO 31880 --- [           main] org.example.service.SpreadsheetService   : Setting cell value in sheet: 373f33e9-7914-492a-b6e0-c71a7a5c8ed7, column: A, row: 1
2025-07-26T20:09:48.978+03:00  INFO 31880 --- [           main] org.example.service.SpreadsheetService   : Cell value set successfully
2025-07-26T20:09:48.978+03:00  INFO 31880 --- [           main] org.example.service.SpreadsheetService   : Setting cell value in sheet: 373f33e9-7914-492a-b6e0-c71a7a5c8ed7, column: B, row: 1
2025-07-26T20:09:48.979+03:00  INFO 31880 --- [           main] org.example.service.SpreadsheetService   : Cell value set successfully
2025-07-26T20:09:48.979+03:00  INFO 31880 --- [           main] org.example.service.SpreadsheetService   : Setting cell value in sheet: 373f33e9-7914-492a-b6e0-c71a7a5c8ed7, column: C, row: 1
2025-07-26T20:09:48.979+03:00  INFO 31880 --- [           main] org.example.service.SpreadsheetService   : Cell value set successfully
2025-07-26T20:09:48.979+03:00  INFO 31880 --- [           main] org.example.service.SpreadsheetService   : Setting cell value in sheet: 373f33e9-7914-492a-b6e0-c71a7a5c8ed7, column: A, row: 3
2025-07-26T20:09:48.979+03:00  INFO 31880 --- [           main] org.example.service.SpreadsheetService   : Cell value set successfully
2025-07-26T20:09:48.979+03:00  INFO 31880 --- [           main] org.example.service.SpreadsheetService   : Setting cell value in sheet: 373f33e9-7914-492a-b6e0-c71a7a5c8ed7, column: B, row: 3
2025-07-26T20:09:48.979+03:00  INFO 31880 --- [           main] org.example.service.SpreadsheetService   : Cell value set successfully
2025-07-26T20:09:48.979+03:00  INFO 31880 --- [           main] org.example.service.SpreadsheetService   : Setting cell value in sheet: 373f33e9-7914-492a-b6e0-c71a7a5c8ed7, column: A, row: 5
2025-07-26T20:09:48.979+03:00  INFO 31880 --- [           main] org.example.service.SpreadsheetService   : Cell value set successfully
]]></system-out>
  </testcase>
  <testcase name="testCreateSheetWithCustomId" classname="org.example.service.SpreadsheetServiceTest" time="0.001">
    <system-out><![CDATA[2025-07-26T20:09:48.980+03:00  INFO 31880 --- [           main] org.example.service.SpreadsheetService   : Creating new sheet with custom ID: custom-id-123
]]></system-out>
  </testcase>
  <testcase name="testLookupTypeMismatch" classname="org.example.service.SpreadsheetServiceTest" time="0.001">
    <system-out><![CDATA[2025-07-26T20:09:48.980+03:00  INFO 31880 --- [           main] org.example.service.SpreadsheetService   : Creating new sheet with auto-generated ID
2025-07-26T20:09:48.980+03:00  INFO 31880 --- [           main] org.example.service.SpreadsheetService   : Setting cell value in sheet: 0ee4fe0c-2286-4c0e-bab6-aab37bc4a2c1, column: A, row: 1
2025-07-26T20:09:48.981+03:00  INFO 31880 --- [           main] org.example.service.SpreadsheetService   : Cell value set successfully
2025-07-26T20:09:48.981+03:00  INFO 31880 --- [           main] org.example.service.SpreadsheetService   : Setting cell value in sheet: 0ee4fe0c-2286-4c0e-bab6-aab37bc4a2c1, column: B, row: 1
2025-07-26T20:09:48.981+03:00  WARN 31880 --- [           main] org.example.service.SpreadsheetService   : Type mismatch: Cannot set lookup from string to int
]]></system-out>
  </testcase>
  <testcase name="testCreateSheetWithDuplicateId" classname="org.example.service.SpreadsheetServiceTest" time="0">
    <system-out><![CDATA[2025-07-26T20:09:48.982+03:00  INFO 31880 --- [           main] org.example.service.SpreadsheetService   : Creating new sheet with custom ID: duplicate-id-123
2025-07-26T20:09:48.982+03:00  INFO 31880 --- [           main] org.example.service.SpreadsheetService   : Creating new sheet with custom ID: duplicate-id-123
2025-07-26T20:09:48.982+03:00  WARN 31880 --- [           main] org.example.service.SpreadsheetService   : Attempt to create sheet with existing ID: duplicate-id-123
]]></system-out>
  </testcase>
</testsuite>